======================================================================================================================
DESCRIPTION:

timing : Add Tests for the aggregation tree

This tests the aggregation tree created by the callGraphAnalysis.

Change-Id: I558086efda9f38efa9bccf31a84759e9a44bb3d7
Signed-off-by: Sonia Farrah <sonia.farrah@ericsson.com>

======================================================================================================================
COMMENTS
======================================================================================================================
Author: Sonia Farrah
Date: 2016-08-15 18:04:49.000000000
Message: 
Uploaded patch set 5.
----------------------------------------------------------------------------------------------------------------------
Author: CI Bot
Date: 2016-08-15 18:04:56.000000000
Message: 
Patch Set 5:

Build Started https://hudson.eclipse.org/tracecompass/job/tracecompass-gerrit/10123/
----------------------------------------------------------------------------------------------------------------------
Author: CI Bot
Date: 2016-08-15 18:25:35.000000000
Message: 
Patch Set 5: Verified-1

Build Failed 

https://hudson.eclipse.org/tracecompass/job/tracecompass-gerrit/10123/ : FAILURE
----------------------------------------------------------------------------------------------------------------------
Author: Matthew Khouzam
Date: 2016-08-15 18:33:25.000000000
Message: 
Patch Set 5: Verified-1

14:25:13  MergeFirstLevelCalleesStatisticsTest(org.eclipse.tracecompass.analysis.timing.core.tests.flamegraph.AggregatedCalledFunctionStatisticsTest)  Time elapsed: 0.002 sec
14:25:13  Running org.eclipse.tracecompass.analysis.timing.core.tests.flamegraph.AggregationTreeTest
14:25:13  Tests run: 8, Failures: 6, Errors: 0, Skipped: 0, Time elapsed: 0.161 sec <<< FAILURE! - in org.eclipse.tracecompass.analysis.timing.core.tests.flamegraph.AggregationTreeTest
14:25:13  LargeTest(org.eclipse.tracecompass.analysis.timing.core.tests.flamegraph.AggregationTreeTest)  Time elapsed: 0.14 sec
14:25:13  multiFunctionRootsTest(org.eclipse.tracecompass.analysis.timing.core.tests.flamegraph.AggregationTreeTest)  Time elapsed: 0.003 sec  <<< FAILURE!
14:25:13  java.lang.AssertionError: Test first function's numbre of calls expected:<2> but was:<0>
14:25:13  	at org.junit.Assert.fail(Assert.java:88)
14:25:13  	at org.junit.Assert.failNotEquals(Assert.java:834)
14:25:13  	at org.junit.Assert.assertEquals(Assert.java:645)
14:25:13  	at org.eclipse.tracecompass.analysis.timing.core.tests.flamegraph.AggregationTreeTest.multiFunctionRootsTest(AggregationTreeTest.java:539)
14:25:13  
14:25:13  EmptyStateSystemTest(org.eclipse.tracecompass.analysis.timing.core.tests.flamegraph.AggregationTreeTest)  Time elapsed: 0.001 sec
14:25:13  CascadeTest(org.eclipse.tracecompass.analysis.timing.core.tests.flamegraph.AggregationTreeTest)  Time elapsed: 0 sec  <<< FAILURE!
14:25:13  java.lang.AssertionError: Test first function's nombre of calls expected:<1> but was:<0>
14:25:13  	at org.junit.Assert.fail(Assert.java:88)
14:25:13  	at org.junit.Assert.failNotEquals(Assert.java:834)
14:25:13  	at org.junit.Assert.assertEquals(Assert.java:645)
14:25:13  	at org.eclipse.tracecompass.analysis.timing.core.tests.flamegraph.AggregationTreeTest.CascadeTest(AggregationTreeTest.java:157)
14:25:13  
14:25:13  MergeFirstLevelCalleesTest(org.eclipse.tracecompass.analysis.timing.core.tests.flamegraph.AggregationTreeTest)  Time elapsed: 0.001 sec  <<< FAILURE!
14:25:13  java.lang.AssertionError: Test first function's numbre of calls expected:<1> but was:<0>
14:25:13  	at org.junit.Assert.fail(Assert.java:88)
14:25:13  	at org.junit.Assert.failNotEquals(Assert.java:834)
14:25:13  	at org.junit.Assert.assertEquals(Assert.java:645)
14:25:13  	at org.eclipse.tracecompass.analysis.timing.core.tests.flamegraph.AggregationTreeTest.MergeFirstLevelCalleesTest(AggregationTreeTest.java:310)
14:25:13  
14:25:13  MergeSecondLevelCalleesTest(org.eclipse.tracecompass.analysis.timing.core.tests.flamegraph.AggregationTreeTest)  Time elapsed: 0.006 sec  <<< FAILURE!
14:25:13  java.lang.AssertionError: Test main's numbre of calls expected:<1> but was:<0>
14:25:13  	at org.junit.Assert.fail(Assert.java:88)
14:25:13  	at org.junit.Assert.failNotEquals(Assert.java:834)
14:25:13  	at org.junit.Assert.assertEquals(Assert.java:645)
14:25:13  	at org.eclipse.tracecompass.analysis.timing.core.tests.flamegraph.AggregationTreeTest.MergeSecondLevelCalleesTest(AggregationTreeTest.java:427)
14:25:13  
14:25:13  multiFunctionRootsSecondTest(org.eclipse.tracecompass.analysis.timing.core.tests.flamegraph.AggregationTreeTest)  Time elapsed: 0 sec  <<< FAILURE!
14:25:13  java.lang.AssertionError: Test first function's numbre of calls expected:<1> but was:<0>
14:25:13  	at org.junit.Assert.fail(Assert.java:88)
14:25:13  	at org.junit.Assert.failNotEquals(Assert.java:834)
14:25:13  	at org.junit.Assert.assertEquals(Assert.java:645)
14:25:13  	at org.eclipse.tracecompass.analysis.timing.core.tests.flamegraph.AggregationTreeTest.multiFunctionRootsSecondTest(AggregationTreeTest.java:619)
14:25:13  
14:25:13  TreeTest(org.eclipse.tracecompass.analysis.timing.core.tests.flamegraph.AggregationTreeTest)  Time elapsed: 0 sec  <<< FAILURE!
14:25:13  java.lang.AssertionError: Test first function's numbre of calls expected:<1> but was:<0>
14:25:13  	at org.junit.Assert.fail(Assert.java:88)
14:25:13  	at org.junit.Assert.failNotEquals(Assert.java:834)
14:25:13  	at org.junit.Assert.assertEquals(Assert.java:645)
14:25:13  	at org.eclipse.tracecompass.analysis.timing.core.tests.flamegraph.AggregationTreeTest.TreeTest(AggregationTreeTest.java:228)
14:25:13  
14:25:13  Running org.eclipse.tracecompass.analysis.timing.core.tests.segmentstore.statistics.SegmentStoreStatisticsTest
14:25:13  Tests run: 6, Failures: 0, Errors: 0, Skipped: 0, Time elapsed: 0.645 sec - in org.eclipse.tracecompass.analysis.timing.core.tests.segmentstore.statistics.SegmentStoreStatisticsTest
14:25:13  climbTest(org.eclipse.tracecompass.analysis.timing.core.tests.segmentstore.statistics.SegmentStoreStatisticsTest)  Time elapsed: 0 sec
14:25:13  smallTest(org.eclipse.tracecompass.analysis.timing.core.tests.segmentstore.statistics.SegmentStoreStatisticsTest)  Time elapsed: 0.001 sec
14:25:13  gaussianNoiseTest(org.eclipse.tracecompass.analysis.timing.core.tests.segmentstore.statistics.SegmentStoreStatisticsTest)  Time elapsed: 0.237 sec
14:25:13  decrementingTest(org.eclipse.tracecompass.analysis.timing.core.tests.segmentstore.statistics.SegmentStoreStatisticsTest)  Time elapsed: 0 sec
14:25:13  largeTest(org.eclipse.tracecompass.analysis.timing.core.tests.segmentstore.statistics.SegmentStoreStatisticsTest)  Time elapsed: 0.13 sec
14:25:13  noiseTest(org.eclipse.tracecompass.analysis.timing.core.tests.segmentstore.statistics.SegmentStoreStatisticsTest)  Time elapsed: 0.267 sec
14:25:13  Running org.eclipse.tracecompass.analysis.timing.core.tests.store.ArrayListStoreTest
14:25:13  Tests run: 10, Failures: 0, Errors: 0, Skipped: 0, Time elapsed: 0.042 sec - in org.eclipse.tracecompass.analysis.timing.core.tests.store.ArrayListStoreTest
14:25:13  testSize(org.eclipse.tracecompass.analysis.timing.core.tests.store.ArrayListStoreTest)  Time elapsed: 0.001 sec
14:25:13  testToSpecifyArraySubtype(org.eclipse.tracecompass.analysis.timing.core.tests.store.ArrayListStoreTest)  Time elapsed: 0.025 sec
14:25:13  testIterationOrder(org.eclipse.tracecompass.analysis.timing.core.tests.store.ArrayListStoreTest)  Time elapsed: 0.001 sec
14:25:13  testGetIntersectingElementsTime(org.eclipse.tracecompass.analysis.timing.core.tests.store.ArrayListStoreTest)  Time elapsed: 0.002 sec
14:25:13  testToObjectArray(org.eclipse.tracecompass.analysis.timing.core.tests.store.ArrayListStoreTest)  Time elapsed: 0 sec
14:25:13  testContains(org.eclipse.tracecompass.analysis.timing.core.tests.store.ArrayListStoreTest)  Time elapsed: 0 sec
14:25:13  testIterationOrderNonSortedInsertion(org.eclipse.tracecompass.analysis.timing.core.tests.store.ArrayListStoreTest)  Time elapsed: 0.002 sec
14:25:13  testToSpecificArray(org.eclipse.tracecompass.analysis.timing.core.tests.store.ArrayListStoreTest)  Time elapsed: 0 sec
14:25:13  testDispose(org.eclipse.tracecompass.analysis.timing.core.tests.store.ArrayListStoreTest)  Time elapsed: 0 sec
14:25:13  testGetIntersectingElementsRange(org.eclipse.tracecompass.analysis.timing.core.tests.store.ArrayListStoreTest)  Time elapsed: 0.002 sec
14:25:13  Running org.eclipse.tracecompass.analysis.timing.core.tests.callgraph.CallGraphAnalysisTest
14:25:14  Tests run: 6, Failures: 0, Errors: 0, Skipped: 0, Time elapsed: 0.056 sec - in org.eclipse.tracecompass.analysis.timing.core.tests.callgraph.CallGraphAnalysisTest
14:25:14  PyramidTest(org.eclipse.tracecompass.analysis.timing.core.tests.callgraph.CallGraphAnalysisTest)  Time elapsed: 0.001 sec
14:25:14  LargeTest(org.eclipse.tracecompass.analysis.timing.core.tests.callgraph.CallGraphAnalysisTest)  Time elapsed: 0.052 sec
14:25:14  multiFunctionRootsTest(org.eclipse.tracecompass.analysis.timing.core.tests.callgraph.CallGraphAnalysisTest)  Time elapsed: 0 sec
14:25:14  EmptyStateSystemTest(org.eclipse.tracecompass.analysis.timing.core.tests.callgraph.CallGraphAnalysisTest)  Time elapsed: 0 sec
14:25:14  CascadeTest(org.eclipse.tracecompass.analysis.timing.core.tests.callgraph.CallGraphAnalysisTest)  Time elapsed: 0 sec
14:25:14  treeTest(org.eclipse.tracecompass.analysis.timing.core.tests.callgraph.CallGraphAnalysisTest)  Time elapsed: 0 sec
14:25:14  
14:25:14  Results :
14:25:14  
14:25:14  Failed tests: 
14:25:14    AggregationTreeTest.multiFunctionRootsTest:539 Test first function's numbre of calls expected:<2> but was:<0>
14:25:14    AggregationTreeTest.CascadeTest:157 Test first function's nombre of calls expected:<1> but was:<0>
14:25:14    AggregationTreeTest.MergeFirstLevelCalleesTest:310 Test first function's numbre of calls expected:<1> but was:<0>
14:25:14    AggregationTreeTest.MergeSecondLevelCalleesTest:427 Test main's numbre of calls expected:<1> but was:<0>
14:25:14    AggregationTreeTest.multiFunctionRootsSecondTest:619 Test first function's numbre of calls expected:<1> but was:<0>
14:25:14    AggregationTreeTest.TreeTest:228 Test first function's numbre of calls expected:<1> but was:<0>
14:25:14  
14:25:14  Tests run: 34, Failures: 6, Errors: 0, Skipped: 0

Looks like a legit fail
----------------------------------------------------------------------------------------------------------------------
Author: Gerrit Code Review
Date: 2016-08-19 18:04:40.000000000
Message: 
Change has been successfully cherry-picked as 3ef48ce154faf24f26f66ca76699c44f21b7f15c by Jean-Christian Kouame
----------------------------------------------------------------------------------------------------------------------
