======================================================================================================================
DESCRIPTION:

Make all histogram stats generate HistogramData

Reapplied after revert for build break. No longer breaks after
http://review.couchbase.org/c/ns_server/+/127901 .

Prelude to introducing Prometheus as a stats output.

All variants of HdrHistogram and Histogram are first turned into a
common type, HistogramData, to then be formatted. This indirection
means both the existing stats and future Prometheus stats backends need
only support a single type to handle all existing Histograms.

Change-Id: Ife25bd4b75de6d1d91adda27238de383563b3576

======================================================================================================================
COMMENTS
======================================================================================================================
Author: James H
Date: 2020-06-19 12:50:25.000000000
Message: 
Uploaded patch set 6.
----------------------------------------------------------------------------------------------------------------------
Author: James H
Date: 2020-06-19 12:59:28.000000000
Message: 
Patch Set 6:

(2 comments)
----------------------------------------------------------------------------------------------------------------------
Author: Dave Rigby
Date: 2020-06-19 13:00:04.000000000
Message: 
Patch Set 6: Code-Review+2
----------------------------------------------------------------------------------------------------------------------
Author: Build Bot
Date: 2020-06-19 13:53:03.000000000
Message: 
Patch Set 6: Verified-1

Build Failed 

http://cv.jenkins.couchbase.com/job/kv_engine-windows-master/28669/ : FAILURE

Failure of an engine_testapp test:

<pre>
Running [0081/0099]: test dcp early termination...Exceeded maximum wait time of 60000000us waiting for stat "ep_dcp_num_running_backfills(dcp)" to be 0 (last value:1) - aborting.

389/393 Test #384: memcached_testapp.ep.TransportProtocols/WithMetaTest ..........................................................................   Passed    5.83 sec
390/393 Test #378: memcached_testapp.ep.Transport/McdTestappTest .................................................................................   Passed   11.62 sec
391/393 Test #390: cluster_test ..................................................................................................................   Passed    7.13 sec
392/393 Test #326: memcached_testapp.default.SDPerf/SubdocPerfTest ...............................................................................   Passed   28.19 sec
393/393 Test #377: memcached_testapp.ep.SDPerf/SubdocPerfTest ....................................................................................   Passed   27.84 sec

99% tests passed, 2 tests failed out of 393

Total Test time (real) = 193.03 sec

The following tests FAILED:
	212 - ep-engine_ep_unit_tests.KVStoreParam/KVStoreParamTestSkipRocks (Failed)
	244 - ep_testsuite_dcp.value_eviction.comp_active (Exit code 0xc0000409
)
Errors while running CTest
Previous command failed with error #8.



administrator@WIN-L2JG94BL7VQ C:\Jenkins\workspace\kv_engine-windows-master\build\kv_engine>exit /b 8 

Build step "Execute Windows batch command" marked build as failure
[MSBuild] Skipping execution of recorder since overall result is "FAILURE"
INFO: Starting to record.
INFO: Processing CTest-Version 3.x (default)
INFO: [CTest-Version 3.x (default)] - 1 test report file(s) were found with the pattern "build/kv_engine/Testing/**/Test.xml" relative to "C:\Jenkins\workspace\kv_engine-windows-master" for the testing framework "CTest-Version 3.x (default)".

INFO: Check "Failed Tests" threshold.
INFO: The total number of tests for the threshold "Failed Tests" exceeds the specified "failure threshold" value.
INFO: Setting the build status to FAIL
</pre>
 ( http://cv.jenkins.couchbase.com/job/kv_engine-windows-master/28669/ )

Failure of a CTest test 206/393 Test #212: ep-engine_ep_unit_tests.KVStoreParam/KVStoreParamTestSkipRocks ................................................................ ( http://cv.jenkins.couchbase.com/job/kv_engine-windows-master/28669/ )

http://cv.jenkins.couchbase.com/job/kv_engine.macos/job/master/3343/ : FAILURE

Failure of a CTest test [2020-06-19T13:04:34.879Z] 159/407 Test #213: ep-engine_ep_unit_tests.KVStoreParam/KVStoreParamTestSkipRocks ....................................................Child aborted ( http://cv.jenkins.couchbase.com/job/kv_engine.macos/job/master/3343/ )

http://cv.jenkins.couchbase.com/job/kv_engine.linux-CE/job/master/4232/ : FAILURE

Failure of an engine_testapp test:

<pre>
Running [0081/0099]: test dcp early termination...Exceeded maximum wait time of 60000000us waiting for stat "ep_dcp_num_running_backfills(dcp)" to be 0 (last value:1) - aborting.
[2020-06-19T12:55:28.976Z] /usr/bin/timeout: the monitored command dumped core
[2020-06-19T12:55:28.976Z] 
[2020-06-19T12:55:28.976Z] 
[2020-06-19T12:55:28.976Z] 99% tests passed, 1 tests failed out of 398
[2020-06-19T12:55:28.976Z] 
[2020-06-19T12:55:28.976Z] Total Test time (real) =  99.58 sec
[2020-06-19T12:55:28.976Z] 
[2020-06-19T12:55:28.976Z] The following tests FAIL
</pre>
 ( http://cv.jenkins.couchbase.com/job/kv_engine.linux-CE/job/master/4232/ )

Failure of a CTest test [2020-06-19T12:55:28.976Z] 398/398 Test #246: ep_testsuite_dcp.value_eviction.comp_active .......................................................................Child aborted ( http://cv.jenkins.couchbase.com/job/kv_engine.linux-CE/job/master/4232/ )

http://cv.jenkins.couchbase.com/job/kv_engine-clang_format_9/1372/ : SUCCESS

http://cv.jenkins.couchbase.com/job/kv_engine-clang_analyzer-master/24692/ : SUCCESS

http://cv.jenkins.couchbase.com/job/kv_engine-clang_tidy/2868/ : SUCCESS

http://cv.jenkins.couchbase.com/job/kv_engine.linux/job/master/4294/ : SUCCESS

http://cv.jenkins.couchbase.com/job/kv_engine.threadsanitizer/job/master/4374/ : SUCCESS

http://cv.jenkins.couchbase.com/job/kv_engine.ASan-UBSan/job/master/12112/ : SUCCESS
----------------------------------------------------------------------------------------------------------------------
Author: Build Bot
Date: 2020-06-19 15:05:06.000000000
Message: 
Patch Set 6:

Build Failed 

http://cv.jenkins.couchbase.com/job/kv_engine-windows-master/28677/ : FAILURE

Failure of a CTest test 207/393 Test #212: ep-engine_ep_unit_tests.KVStoreParam/KVStoreParamTestSkipRocks ................................................................ ( http://cv.jenkins.couchbase.com/job/kv_engine-windows-master/28677/ )

http://cv.jenkins.couchbase.com/job/kv_engine-clang_format_9/1372/ : SUCCESS

http://cv.jenkins.couchbase.com/job/kv_engine-clang_analyzer-master/24692/ : SUCCESS

http://cv.jenkins.couchbase.com/job/kv_engine-clang_tidy/2868/ : SUCCESS

http://cv.jenkins.couchbase.com/job/kv_engine.linux/job/master/4294/ : SUCCESS

http://cv.jenkins.couchbase.com/job/kv_engine.threadsanitizer/job/master/4374/ : SUCCESS

http://cv.jenkins.couchbase.com/job/kv_engine.linux-CE/job/master/4239/ : SUCCESS

http://cv.jenkins.couchbase.com/job/kv_engine.ASan-UBSan/job/master/12112/ : SUCCESS

http://cv.jenkins.couchbase.com/job/kv_engine.macos/job/master/3351/ : SUCCESS
----------------------------------------------------------------------------------------------------------------------
Author: Build Bot
Date: 2020-06-19 15:33:23.000000000
Message: 
Patch Set 6:

Build Failed 

http://cv.jenkins.couchbase.com/job/kv_engine-windows-master/28680/ : FAILURE

Failure of a CTest test 206/393 Test #212: ep-engine_ep_unit_tests.KVStoreParam/KVStoreParamTestSkipRocks ................................................................ ( http://cv.jenkins.couchbase.com/job/kv_engine-windows-master/28680/ )

http://cv.jenkins.couchbase.com/job/kv_engine-clang_format_9/1372/ : SUCCESS

http://cv.jenkins.couchbase.com/job/kv_engine-clang_analyzer-master/24692/ : SUCCESS

http://cv.jenkins.couchbase.com/job/kv_engine-clang_tidy/2868/ : SUCCESS

http://cv.jenkins.couchbase.com/job/kv_engine.linux/job/master/4294/ : SUCCESS

http://cv.jenkins.couchbase.com/job/kv_engine.threadsanitizer/job/master/4374/ : SUCCESS

http://cv.jenkins.couchbase.com/job/kv_engine.linux-CE/job/master/4239/ : SUCCESS

http://cv.jenkins.couchbase.com/job/kv_engine.ASan-UBSan/job/master/12112/ : SUCCESS

http://cv.jenkins.couchbase.com/job/kv_engine.macos/job/master/3351/ : SUCCESS
----------------------------------------------------------------------------------------------------------------------
Author: Build Bot
Date: 2020-06-23 15:45:42.000000000
Message: 
Patch Set 6: Verified+1

Build Successful 

http://cv.jenkins.couchbase.com/job/kv_engine-clang_format_9/1372/ : SUCCESS

http://cv.jenkins.couchbase.com/job/kv_engine-clang_analyzer-master/24692/ : SUCCESS

http://cv.jenkins.couchbase.com/job/kv_engine-clang_tidy/2868/ : SUCCESS

http://cv.jenkins.couchbase.com/job/kv_engine.linux/job/master/4294/ : SUCCESS

http://cv.jenkins.couchbase.com/job/kv_engine.threadsanitizer/job/master/4374/ : SUCCESS

http://cv.jenkins.couchbase.com/job/kv_engine.linux-CE/job/master/4239/ : SUCCESS

http://cv.jenkins.couchbase.com/job/kv_engine.ASan-UBSan/job/master/12112/ : SUCCESS

http://cv.jenkins.couchbase.com/job/kv_engine.macos/job/master/3351/ : SUCCESS

http://cv.jenkins.couchbase.com/job/kv_engine-windows-master/28748/ : SUCCESS
----------------------------------------------------------------------------------------------------------------------
