======================================================================================================================
DESCRIPTION:

MB-52490: Pass Producer to BackfillManagerTask

The ownership hierarchy is the following:

  Producer
    -> BackfillManager
      -> BackfillTask
        -> BackfillManager (weak)

, with Task that stores a weak reference to Manager.

That model allows scenarios where a Producer connection has gone but
Task/Manager are still alive. Task needs to run a backfill for
realizing that the connection has been removed.

With this change we give Task a direct weak reference to Producer.
That way, Task would spot a dead Producer (and thus cancel itself)
before entering any backfill scan-loop.

Change-Id: I436cf6a7d5b5ebba6a913aa1e803c5c31dfaeac1

======================================================================================================================
COMMENTS
======================================================================================================================
Author: Paolo Cocchi
Date: 2022-06-27 13:12:19.000000000
Message: 
Uploaded patch set 5: Patch Set 4 was rebased.
----------------------------------------------------------------------------------------------------------------------
Author: Restriction Checker
Date: 2022-06-27 13:12:36.000000000
Message: 
Patch Set 5: Well-Formed+1

Permission granted to commit: 

http://server.jenkins.couchbase.com/job/restricted-branch-check/304231/artifact/restricted.html : SUCCESS
----------------------------------------------------------------------------------------------------------------------
Author: Build Bot
Date: 2022-06-27 13:54:43.000000000
Message: 
Patch Set 5: Verified-1 Code-Review-1

Build Failed 

http://cv.jenkins.couchbase.com/job/kv_engine-clang_tidy-neo/297/ : FAILURE

clang-tidy found the following problems:

<pre>
/home/couchbase/jenkins/workspace/kv_engine-clang_tidy-neo/kv_engine/engines/ep/src/dcp/backfill-manager.cc:137:9: error: use of undeclared identifier "ExecutorPool" [clang-diagnostic-error]
        ExecutorPool::get()->wake(managerTask->getId());
        ^
/home/couchbase/jenkins/workspace/kv_engine-clang_tidy-neo/kv_engine/engines/ep/src/dcp/backfill-manager.cc:141:9: error: use of undeclared identifier "ExecutorPool" [clang-diagnostic-error]
        ExecutorPool::get()->schedule(managerTask);
        ^
/home/couchbase/jenkins/workspace/kv_engine-clang_tidy-neo/kv_engine/engines/ep/src/dcp/backfill-manager.cc:210:17: error: use of undeclared identifier "ExecutorPool" [clang-diagnostic-error]
                ExecutorPool::get()->wake(managerTask->getId());
                ^
/home/couchbase/jenkins/workspace/kv_engine-clang_tidy-neo/kv_engine/engines/ep/src/dcp/backfill-manager.cc:363:9: error: use of undeclared identifier "ExecutorPool" [clang-diagnostic-error]
        ExecutorPool::get()->wake(managerTask->getId());
        ^

</pre> ( http://cv.jenkins.couchbase.com/job/kv_engine-clang_tidy-neo/297/ )

Compile error at /home/couchbase/jenkins/workspace/kv_engine-clang_tidy-neo/kv_engine/engines/ep/src/dcp/backfill-manager.cc:137:9:
error: use of undeclared identifier "ExecutorPool" [clang-diagnostic-error]
 ( http://cv.jenkins.couchbase.com/job/kv_engine-clang_tidy-neo/297/ )

http://cv.jenkins.couchbase.com/job/kv_engine-clang_analyzer-neo/291/ : FAILURE

Compile error at /home/couchbase/jenkins/workspace/kv_engine-clang_analyzer-neo/kv_engine/engines/ep/src/dcp/backfill-manager.cc:137:9:
error: use of undeclared identifier "ExecutorPool"
 ( http://cv.jenkins.couchbase.com/job/kv_engine-clang_analyzer-neo/291/ )

http://cv.jenkins.couchbase.com/job/kv_engine-windows-neo/408/ : FAILURE

Failure of an engine_testapp test:

<pre>
Running [63/93]: dcp consumer expire...(3117 ms) OK


99% tests passed, 6 tests failed out of 423

Total Test time (real) = 454.40 sec

The following tests FAIL
</pre>
 ( http://cv.jenkins.couchbase.com/job/kv_engine-windows-neo/408/ )

Failure of GoogleTest "CollectionsRbacScope.ScopeAccessBucketEaccess":

<pre>
[ RUN      ] CollectionsRbacScope.ScopeAccessBucketEaccess
unknown file: error: SEH exception with code 0xc0000005 thrown in SetUp().
[  FAILED  ] CollectionsRbacScope.ScopeAccessBucketEaccess (1 ms)
CollectionsRbacScope.ScopeAccessBucketEaccess
</pre>
 ( http://cv.jenkins.couchbase.com/job/kv_engine-windows-neo/408/ )

Timeout of a CTest test 420/423 Test #288: ep_testsuite_dcp.value_eviction.comp_passive ..................................................................................} ( http://cv.jenkins.couchbase.com/job/kv_engine-windows-neo/408/ )

http://cv.jenkins.couchbase.com/job/kv_engine.macos/job/neo/436/ : FAILURE

Timeout of a CTest test [2022-06-27T13:54:34.052Z] 443/443 Test #441: cluster_test ................................................................................................} ( http://cv.jenkins.couchbase.com/job/kv_engine.macos/job/neo/436/ )

http://cv.jenkins.couchbase.com/job/kv_engine.threadsanitizer/job/neo/305/ : FAILURE

ThreadSanitizer issue: heap-use-after-free (/opt/gcc-10.2.0/lib64/libtsan.so.0+0x50dfa) in __interceptor_pthread_mutex_lock  ( http://cv.jenkins.couchbase.com/job/kv_engine.threadsanitizer/job/neo/305/ )

http://cv.jenkins.couchbase.com/job/kv_engine.ASan-UBSan/job/neo/306/ : FAILURE

Failure of an engine_testapp test:

<pre>
Running [64/93]: dcp failover log.../usr/bin/timeout: the monitored command dumped core
[2022-06-27T13:23:52.476Z] 
[2022-06-27T13:23:52.476Z]         Start 310: ep_perfsuite.value_eviction
[2022-06-27T13:23:57.788Z] 303/425 Test #302: ep_testsuite_xdcr.value_eviction.comp_passive ...............................................................   Passed   23.07 sec
[2022-06-27T13:23:57.788Z]         Start 311: ep_perfsuite.ephemeral
[2022-06-27T13:24:01.127Z] 304/425 Test #303: ep_testsuite_xdcr.value_eviction.comp_active ................................................................   Passed   25.17 sec
[2022-06-27T13:24:01.127Z]         Start 312: memcached-spdlogger-test
[2022-06-27T13:24:01.127Z] 305/425 Test #312: memcached-spdlogger-test ....................................................................................   Passed    0.62 sec
[2022-06-27T13:24:01.127Z]         Start 313: memcached_unit_tests
[2022-06-27T13:24:01.703Z] 306/425 Test #313: memcached_unit_tests ........................................................................................   Passed    0.42 sec
[2022-06-27T13:24:01.703Z]         Start 314: tracing-test
[2022-06-27T13:24:01.967Z] 307/425 Test #314: tracing-test ................................................................................................   Passed    0.44 sec
[2022-06-27T13:24:01.967Z]         Start 315: memcached-basic-engine-tests
[2022-06-27T13:24:02.545Z] 308/425 Test #315: memcached-basic-engine-tests ................................................................................   Passed    0.33 sec
[2022-06-27T13:24:02.545Z]         Start 316: kv-engine-check-header-define-once-guard
[2022-06-27T13:24:02.808Z] 309/425 Test #316: kv-engine-check-header-define-once-guard ....................................................................***Failed    0.30 sec
[2022-06-27T13:24:02.808Z] TEST FAIL
</pre>
 ( http://cv.jenkins.couchbase.com/job/kv_engine.ASan-UBSan/job/neo/306/ )

One of more core files found at the end of the build. Data for post-mortem saved to archived_core_dumps.tar.bz2 under "Build Artifacts". ( http://cv.jenkins.couchbase.com/job/kv_engine.ASan-UBSan/job/neo/306/ )

Test exceeded the timeout:
[2022-06-27T13:23:52.476Z] Running [64/93]: dcp failover log.../usr/bin/timeout: the monitored command dumped core ( http://cv.jenkins.couchbase.com/job/kv_engine.ASan-UBSan/job/neo/306/ )

http://cv.jenkins.couchbase.com/job/kv_engine.linux/job/neo/308/ : FAILURE

Failure of an engine_testapp test:

<pre>
Running [64/93]: dcp failover log.../usr/bin/timeout: the monitored command dumped core
[2022-06-27T13:31:22.515Z] 
[2022-06-27T13:31:22.515Z] 
[2022-06-27T13:31:22.515Z] 99% tests passed, 3 tests failed out of 443
[2022-06-27T13:31:22.515Z] 
[2022-06-27T13:31:22.515Z] Total Test time (real) = 458.36 sec
[2022-06-27T13:31:22.515Z] 
[2022-06-27T13:31:22.515Z] The following tests FAIL
</pre>
 ( http://cv.jenkins.couchbase.com/job/kv_engine.linux/job/neo/308/ )

One of more core files found at the end of the build. Data for post-mortem saved to archived_core_dumps.tar.bz2 under "Build Artifacts". ( http://cv.jenkins.couchbase.com/job/kv_engine.linux/job/neo/308/ )

Test exceeded the timeout:
[2022-06-27T13:31:21.935Z] Running [68/93]: dcp rollback after purge.../usr/bin/timeout: the monitored command dumped core ( http://cv.jenkins.couchbase.com/job/kv_engine.linux/job/neo/308/ )

http://cv.jenkins.couchbase.com/job/kv_engine.aarch64-linux/job/neo/295/ : FAILURE

Failure of an engine_testapp test:

<pre>
Running [64/93]: dcp failover log.../usr/bin/timeout: the monitored command dumped core
[2022-06-27T13:30:29.462Z] 
[2022-06-27T13:30:29.462Z]         Start 443: memcached_unsigned_leb128_test
[2022-06-27T13:30:29.462Z] 441/444 Test #443: memcached_unsigned_leb128_test ..............................................................................   Passed    0.00 sec
[2022-06-27T13:30:29.462Z]         Start 444: memcached-hostutils-test
[2022-06-27T13:30:29.462Z] 442/444 Test #444: memcached-hostutils-test ....................................................................................   Passed    0.01 sec
[2022-06-27T13:30:37.297Z] 443/444 Test #439: memcached_testapp.ep.TransportProtocols/AuditTest ...........................................................   Passed   16.18 sec
[2022-06-27T13:30:45.129Z] 444/444 Test #442: cluster_test ................................................................................................   Passed   15.38 sec
[2022-06-27T13:30:45.129Z] 
[2022-06-27T13:30:45.129Z] 99% tests passed, 3 tests failed out of 444
[2022-06-27T13:30:45.129Z] 
[2022-06-27T13:30:45.129Z] Total Test time (real) = 486.66 sec
[2022-06-27T13:30:45.129Z] 
[2022-06-27T13:30:45.129Z] The following tests FAIL
</pre>
 ( http://cv.jenkins.couchbase.com/job/kv_engine.aarch64-linux/job/neo/295/ )

Test exceeded the timeout:
[2022-06-27T13:30:26.660Z] Running [64/93]: dcp failover log.../usr/bin/timeout: the monitored command dumped core ( http://cv.jenkins.couchbase.com/job/kv_engine.aarch64-linux/job/neo/295/ )

http://cv.jenkins.couchbase.com/job/kv_engine.linux-CE/job/neo/316/ : FAILURE

No problems were identified. If you know why this problem occurred, please add a suitable Cause for it. ( http://cv.jenkins.couchbase.com/job/kv_engine.linux-CE/job/neo/316/ )

http://cv.jenkins.couchbase.com/job/kv_engine-clang_format_9/17478/ : SUCCESS

http://cv.jenkins.couchbase.com/job/kv_engine.libFuzzer/job/neo/298/ : SUCCESS
----------------------------------------------------------------------------------------------------------------------
